[line:160] - INFO: [buy] -- 买入时间:2022-10-22, name:花王转债, code:113595, 买入价格:114.109000,
[line:160] - INFO: [buy] -- 买入时间:2022-10-22, name:亚泰转债, code:128066, 买入价格:118.540000,
[line:160] - INFO: [buy] -- 买入时间:2022-10-22, name:久其转债, code:128015, 买入价格:120.100000,
[line:160] - INFO: [buy] -- 买入时间:2022-10-22, name:文科转债, code:128127, 买入价格:107.419000,
[line:160] - INFO: [buy] -- 买入时间:2022-10-22, name:贵燃转债, code:110084, 买入价格:123.035000,
[line:160] - INFO: [buy] -- 买入时间:2022-10-22, name:英特转债, code:127028, 买入价格:123.957000,
[line:160] - INFO: [buy] -- 买入时间:2022-10-22, name:苏利转债, code:113640, 买入价格:120.118000,
[line:160] - INFO: [buy] -- 买入时间:2022-10-22, name:海亮转债, code:128081, 买入价格:126.378000,
[line:160] - INFO: [buy] -- 买入时间:2022-10-22, name:孚日转债, code:128087, 买入价格:125.420000,
[line:160] - INFO: [buy] -- 买入时间:2022-10-22, name:百达转债, code:113570, 买入价格:129.387000,
[line:160] - INFO: [buy] -- 买入时间:2022-10-22, name:岩土转债, code:128037, 买入价格:121.712000,
[line:197] - WARNING: [汇总] -- 时间:2022-11-05, percent:1.36%, 当前持仓数量:11
[line:186] - INFO: [sell] -- 卖出时间:2022-11-05, name:久其转债, code:128015, 买出价格:147.837, 买入价格:120.1, 盈亏比例:23.09%, 买入时间:2022-10-22, 持有天数:14
[line:186] - INFO: [sell] -- 卖出时间:2022-11-05, name:贵燃转债, code:110084, 买出价格:123.882, 买入价格:123.035, 盈亏比例:0.69%, 买入时间:2022-10-22, 持有天数:14
[line:186] - INFO: [sell] -- 卖出时间:2022-11-05, name:英特转债, code:127028, 买出价格:128.84, 买入价格:123.957, 盈亏比例:3.94%, 买入时间:2022-10-22, 持有天数:14
[line:186] - INFO: [sell] -- 卖出时间:2022-11-05, name:苏利转债, code:113640, 买出价格:119.888, 买入价格:120.118, 盈亏比例:-0.19%, 买入时间:2022-10-22, 持有天数:14
[line:186] - INFO: [sell] -- 卖出时间:2022-11-05, name:孚日转债, code:128087, 买出价格:124.049, 买入价格:125.42, 盈亏比例:-1.09%, 买入时间:2022-10-22, 持有天数:14
[line:186] - INFO: [sell] -- 卖出时间:2022-11-05, name:百达转债, code:113570, 买出价格:128.984, 买入价格:129.387, 盈亏比例:-0.31%, 买入时间:2022-10-22, 持有天数:14
[line:147] - WARNING: [汇总] -- 时间:2022-11-05,最新持仓数量:5, 留仓数量:5, 卖出数量:6,买入数量:0
[line:197] - WARNING: [汇总] -- 时间:2022-11-11, percent:1.21%, 当前持仓数量:5
[line:186] - INFO: [sell] -- 卖出时间:2022-11-11, name:海亮转债, code:128081, 买出价格:134.921, 买入价格:126.378, 盈亏比例:6.76%, 买入时间:2022-10-22, 持有天数:20
[line:160] - INFO: [buy] -- 买入时间:2022-11-11, name:贵燃转债, code:110084, 买入价格:123.729000,
[line:160] - INFO: [buy] -- 买入时间:2022-11-11, name:岭南转债, code:128044, 买入价格:114.650000,
[line:147] - WARNING: [汇总] -- 时间:2022-11-11,最新持仓数量:6, 留仓数量:4, 卖出数量:1,买入数量:2
[line:197] - WARNING: [汇总] -- 时间:2022-11-19, percent:-1.12%, 当前持仓数量:6
[line:160] - INFO: [buy] -- 买入时间:2022-11-19, name:皖天转债, code:113631, 买入价格:117.706000,
[line:160] - INFO: [buy] -- 买入时间:2022-11-19, name:绿茵转债, code:127034, 买入价格:104.070000,
[line:160] - INFO: [buy] -- 买入时间:2022-11-19, name:利群转债, code:113033, 买入价格:105.478000,
[line:160] - INFO: [buy] -- 买入时间:2022-11-19, name:友发转债, code:113058, 买入价格:110.664000,
[line:160] - INFO: [buy] -- 买入时间:2022-11-19, name:华源转债, code:128049, 买入价格:114.908000,
[line:160] - INFO: [buy] -- 买入时间:2022-11-19, name:胜达转债, code:113591, 买入价格:124.895000,
[line:147] - WARNING: [汇总] -- 时间:2022-11-19,最新持仓数量:12, 留仓数量:6, 卖出数量:0,买入数量:6
[line:197] - WARNING: [汇总] -- 时间:2022-12-03, percent:3.29%, 当前持仓数量:12
[line:186] - INFO: [sell] -- 卖出时间:2022-12-03, name:利群转债, code:113033, 买出价格:108.138, 买入价格:105.478, 盈亏比例:2.52%, 买入时间:2022-11-19, 持有天数:14
[line:186] - INFO: [sell] -- 卖出时间:2022-12-03, name:胜达转债, code:113591, 买出价格:129.353, 买入价格:124.895, 盈亏比例:3.57%, 买入时间:2022-11-19, 持有天数:14
[line:147] - WARNING: [汇总] -- 时间:2022-12-03,最新持仓数量:10, 留仓数量:10, 卖出数量:2,买入数量:0
[line:197] - WARNING: [汇总] -- 时间:2022-12-10, percent:-0.78%, 当前持仓数量:10
[line:160] - INFO: [buy] -- 买入时间:2022-12-10, name:利群转债, code:113033, 买入价格:108.200000,
[line:160] - INFO: [buy] -- 买入时间:2022-12-10, name:永安转债, code:113609, 买入价格:112.520000,
[line:147] - WARNING: [汇总] -- 时间:2022-12-10,最新持仓数量:12, 留仓数量:10, 卖出数量:0,买入数量:2
[line:197] - WARNING: [汇总] -- 时间:2022-12-17, percent:-1.94%, 当前持仓数量:12
[line:186] - INFO: [sell] -- 卖出时间:2022-12-17, name:永安转债, code:113609, 买出价格:110.481, 买入价格:112.52, 盈亏比例:-1.81%, 买入时间:2022-12-10, 持有天数:7
[line:160] - INFO: [buy] -- 买入时间:2022-12-17, name:禾丰转债, code:113647, 买入价格:124.966000,
[line:147] - WARNING: [汇总] -- 时间:2022-12-17,最新持仓数量:12, 留仓数量:11, 卖出数量:1,买入数量:1
[line:197] - WARNING: [汇总] -- 时间:2022-12-23, percent:-2.87%, 当前持仓数量:12
[line:147] - WARNING: [汇总] -- 时间:2022-12-23,最新持仓数量:12, 留仓数量:12, 卖出数量:0,买入数量:0
[line:197] - WARNING: [汇总] -- 时间:2022-12-31, percent:0.87%, 当前持仓数量:12
[line:147] - WARNING: [汇总] -- 时间:2022-12-31,最新持仓数量:12, 留仓数量:12, 卖出数量:0,买入数量:0
[line:197] - WARNING: [汇总] -- 时间:2023-01-06, percent:1.81%, 当前持仓数量:12
[line:186] - INFO: [sell] -- 卖出时间:2023-01-06, name:岭南转债, code:128044, 买出价格:111.28, 买入价格:114.65, 盈亏比例:-2.94%, 买入时间:2022-11-11, 持有天数:56
[line:160] - INFO: [buy] -- 买入时间:2023-01-06, name:嘉美转债, code:127042, 买入价格:112.210000,
[line:147] - WARNING: [汇总] -- 时间:2023-01-06,最新持仓数量:12, 留仓数量:11, 卖出数量:1,买入数量:1
[line:197] - WARNING: [汇总] -- 时间:2023-01-14, percent:-0.02%, 当前持仓数量:12
[line:147] - WARNING: [汇总] -- 时间:2023-01-14,最新持仓数量:12, 留仓数量:12, 卖出数量:0,买入数量:0
[line:197] - WARNING: [汇总] -- 时间:2023-01-20, percent:2.83%, 当前持仓数量:12
[line:186] - INFO: [sell] -- 卖出时间:2023-01-20, name:贵燃转债, code:110084, 买出价格:124.748, 买入价格:123.729, 盈亏比例:0.82%, 买入时间:2022-11-11, 持有天数:70
[line:186] - INFO: [sell] -- 卖出时间:2023-01-20, name:皖天转债, code:113631, 买出价格:120.326, 买入价格:117.706, 盈亏比例:2.23%, 买入时间:2022-11-19, 持有天数:62
[line:186] - INFO: [sell] -- 卖出时间:2023-01-20, name:华源转债, code:128049, 买出价格:128.001, 买入价格:114.908, 盈亏比例:11.39%, 买入时间:2022-11-19, 持有天数:62
[line:186] - INFO: [sell] -- 卖出时间:2023-01-20, name:禾丰转债, code:113647, 买出价格:131.971, 买入价格:124.966, 盈亏比例:5.61%, 买入时间:2022-12-17, 持有天数:34
[line:186] - INFO: [sell] -- 卖出时间:2023-01-20, name:嘉美转债, code:127042, 买出价格:111.9, 买入价格:112.21, 盈亏比例:-0.28%, 买入时间:2023-01-06, 持有天数:14
[line:160] - INFO: [buy] -- 买入时间:2023-01-20, name:大秦转债, code:113044, 买入价格:110.795000,
[line:147] - WARNING: [汇总] -- 时间:2023-01-20,最新持仓数量:8, 留仓数量:7, 卖出数量:5,买入数量:1
[line:197] - WARNING: [汇总] -- 时间:2023-02-04, percent:0.33%, 当前持仓数量:8
[line:160] - INFO: [buy] -- 买入时间:2023-02-04, name:永东转债, code:128014, 买入价格:118.658000,
[line:160] - INFO: [buy] -- 买入时间:2023-02-04, name:晨丰转债, code:113628, 买入价格:110.485000,
[line:160] - INFO: [buy] -- 买入时间:2023-02-04, name:东湖转债, code:110080, 买入价格:117.255000,
[line:160] - INFO: [buy] -- 买入时间:2023-02-04, name:皖天转债, code:113631, 买入价格:120.329000,
[line:147] - WARNING: [汇总] -- 时间:2023-02-04,最新持仓数量:12, 留仓数量:8, 卖出数量:0,买入数量:4
[line:197] - WARNING: [汇总] -- 时间:2023-02-11, percent:0.35%, 当前持仓数量:12
[line:186] - INFO: [sell] -- 卖出时间:2023-02-11, name:岩土转债, code:128037, 买出价格:122.408, 买入价格:121.712, 盈亏比例:0.57%, 买入时间:2022-10-22, 持有天数:112
[line:186] - INFO: [sell] -- 卖出时间:2023-02-11, name:晨丰转债, code:113628, 买出价格:113.022, 买入价格:110.485, 盈亏比例:2.3%, 买入时间:2023-02-04, 持有天数:7
[line:160] - INFO: [buy] -- 买入时间:2023-02-11, name:贵燃转债, code:110084, 买入价格:124.223000,
[line:160] - INFO: [buy] -- 买入时间:2023-02-11, name:吉视转债, code:113017, 买入价格:114.018000,
[line:147] - WARNING: [汇总] -- 时间:2023-02-11,最新持仓数量:12, 留仓数量:10, 卖出数量:2,买入数量:2
[line:197] - WARNING: [汇总] -- 时间:2023-02-18, percent:-1.52%, 当前持仓数量:12
[line:186] - INFO: [sell] -- 卖出时间:2023-02-18, name:永东转债, code:128014, 买出价格:114.001, 买入价格:118.658, 盈亏比例:-3.92%, 买入时间:2023-02-04, 持有天数:14
[line:160] - INFO: [buy] -- 买入时间:2023-02-18, name:岩土转债, code:128037, 买入价格:119.100000,
[line:147] - WARNING: [汇总] -- 时间:2023-02-18,最新持仓数量:12, 留仓数量:11, 卖出数量:1,买入数量:1
[line:197] - WARNING: [汇总] -- 时间:2023-02-25, percent:0.41%, 当前持仓数量:12
[line:186] - INFO: [sell] -- 卖出时间:2023-02-25, name:友发转债, code:113058, 买出价格:117.718, 买入价格:110.664, 盈亏比例:6.37%, 买入时间:2022-11-19, 持有天数:98
[line:160] - INFO: [buy] -- 买入时间:2023-02-25, name:中装转2, code:127033, 买入价格:115.801000,
[line:147] - WARNING: [汇总] -- 时间:2023-02-25,最新持仓数量:12, 留仓数量:11, 卖出数量:1,买入数量:1
[line:197] - WARNING: [汇总] -- 时间:2023-03-04, percent:1.44%, 当前持仓数量:12
[line:186] - INFO: [sell] -- 卖出时间:2023-03-04, name:中装转2, code:127033, 买出价格:119.549, 买入价格:115.801, 盈亏比例:3.24%, 买入时间:2023-02-25, 持有天数:7
[line:160] - INFO: [buy] -- 买入时间:2023-03-04, name:中环转2, code:123146, 买入价格:120.449000,
[line:147] - WARNING: [汇总] -- 时间:2023-03-04,最新持仓数量:12, 留仓数量:11, 卖出数量:1,买入数量:1
[line:197] - WARNING: [汇总] -- 时间:2023-03-11, percent:0.96%, 当前持仓数量:12
[line:147] - WARNING: [汇总] -- 时间:2023-03-11,最新持仓数量:12, 留仓数量:12, 卖出数量:0,买入数量:0
[line:197] - WARNING: [汇总] -- 时间:2023-03-19, percent:0.34%, 当前持仓数量:12
[line:186] - INFO: [sell] -- 卖出时间:2023-03-19, name:花王转债, code:113595, 买出价格:132.509, 买入价格:114.109, 盈亏比例:16.12%, 买入时间:2022-10-22, 持有天数:148
[line:186] - INFO: [sell] -- 卖出时间:2023-03-19, name:吉视转债, code:113017, 买出价格:114.259, 买入价格:114.018, 盈亏比例:0.21%, 买入时间:2023-02-11, 持有天数:36
[line:186] - INFO: [sell] -- 卖出时间:2023-03-19, name:中环转2, code:123146, 买出价格:117.2, 买入价格:120.449, 盈亏比例:-2.7%, 买入时间:2023-03-04, 持有天数:15
[line:160] - INFO: [buy] -- 买入时间:2023-03-19, name:友发转债, code:113058, 买入价格:116.709000,
[line:160] - INFO: [buy] -- 买入时间:2023-03-19, name:中装转2, code:127033, 买入价格:116.514000,
[line:160] - INFO: [buy] -- 买入时间:2023-03-19, name:湘佳转债, code:127060, 买入价格:120.544000,
[line:147] - WARNING: [汇总] -- 时间:2023-03-19,最新持仓数量:12, 留仓数量:9, 卖出数量:3,买入数量:3
[line:197] - WARNING: [汇总] -- 时间:2023-03-25, percent:0.8%, 当前持仓数量:12
[line:186] - INFO: [sell] -- 卖出时间:2023-03-25, name:绿茵转债, code:127034, 买出价格:107.811, 买入价格:104.07, 盈亏比例:3.59%, 买入时间:2022-11-19, 持有天数:126
[line:186] - INFO: [sell] -- 卖出时间:2023-03-25, name:利群转债, code:113033, 买出价格:107.03, 买入价格:108.2, 盈亏比例:-1.08%, 买入时间:2022-12-10, 持有天数:105
[line:186] - INFO: [sell] -- 卖出时间:2023-03-25, name:皖天转债, code:113631, 买出价格:119.466, 买入价格:120.329, 盈亏比例:-0.72%, 买入时间:2023-02-04, 持有天数:49
[line:186] - INFO: [sell] -- 卖出时间:2023-03-25, name:岩土转债, code:128037, 买出价格:119.585, 买入价格:119.1, 盈亏比例:0.41%, 买入时间:2023-02-18, 持有天数:35
[line:186] - INFO: [sell] -- 卖出时间:2023-03-25, name:友发转债, code:113058, 买出价格:117.7, 买入价格:116.709, 盈亏比例:0.85%, 买入时间:2023-03-19, 持有天数:6
[line:186] - INFO: [sell] -- 卖出时间:2023-03-25, name:中装转2, code:127033, 买出价格:119.001, 买入价格:116.514, 盈亏比例:2.13%, 买入时间:2023-03-19, 持有天数:6
[line:186] - INFO: [sell] -- 卖出时间:2023-03-25, name:湘佳转债, code:127060, 买出价格:122.48, 买入价格:120.544, 盈亏比例:1.61%, 买入时间:2023-03-19, 持有天数:6
[line:160] - INFO: [buy] -- 买入时间:2023-03-25, name:吉视转债, code:113017, 买入价格:115.695000,
[line:147] - WARNING: [汇总] -- 时间:2023-03-25,最新持仓数量:6, 留仓数量:5, 卖出数量:7,买入数量:1
[line:197] - WARNING: [汇总] -- 时间:2023-04-01, percent:-0.33%, 当前持仓数量:6
[line:186] - INFO: [sell] -- 卖出时间:2023-04-01, name:亚泰转债, code:128066, 买出价格:116.69, 买入价格:118.54, 盈亏比例:-1.56%, 买入时间:2022-10-22, 持有天数:161
[line:186] - INFO: [sell] -- 卖出时间:2023-04-01, name:东湖转债, code:110080, 买出价格:116.743, 买入价格:117.255, 盈亏比例:-0.44%, 买入时间:2023-02-04, 持有天数:56
[line:186] - INFO: [sell] -- 卖出时间:2023-04-01, name:吉视转债, code:113017, 买出价格:116.342, 买入价格:115.695, 盈亏比例:0.56%, 买入时间:2023-03-25, 持有天数:7
[line:160] - INFO: [buy] -- 买入时间:2023-04-01, name:花王转债, code:113595, 买入价格:126.976000,
[line:147] - WARNING: [汇总] -- 时间:2023-04-01,最新持仓数量:4, 留仓数量:3, 卖出数量:3,买入数量:1
[line:197] - WARNING: [汇总] -- 时间:2023-04-08, percent:0.24%, 当前持仓数量:4
[line:186] - INFO: [sell] -- 卖出时间:2023-04-08, name:贵燃转债, code:110084, 买出价格:124.297, 买入价格:124.223, 盈亏比例:0.06%, 买入时间:2023-02-11, 持有天数:56
[line:147] - WARNING: [汇总] -- 时间:2023-04-08,最新持仓数量:3, 留仓数量:3, 卖出数量:1,买入数量:0
[line:197] - WARNING: [汇总] -- 时间:2023-04-15, percent:-0.08%, 当前持仓数量:3
[line:160] - INFO: [buy] -- 买入时间:2023-04-15, name:贵燃转债, code:110084, 买入价格:122.690000,
[line:147] - WARNING: [汇总] -- 时间:2023-04-15,最新持仓数量:4, 留仓数量:3, 卖出数量:0,买入数量:1
[line:219] - WARNING: [汇总] -- 卖出胜数:23, 卖出输次:12, 卖出总次数:35, 胜率:65.71%
[line:241] - WARNING: [汇总] - - 当前盈亏: 7.62 %, 最大盈亏: 7.81%, 最大回撤: -5.75%
